<?xml version="1.0" encoding="UTF-8"?>
<!-- Generated by org.testng.reporters.JUnitReportReporter -->
<testsuite name="care.day10.Testngexample" tests="3" time="33.027" ignored="0" failures="0" timestamp="13 Dec 2021 11:03:58 GMT" skipped="0" hostname="RAHUL" errors="0">
  <testcase name="ticketbooking" time="15.886" classname="care.day10.Testngexample"/>
  <testcase name="ticketbooking" time="8.201" classname="care.day10.Testngexample"/>
  <testcase name="ticketbooking" time="8.940" classname="care.day10.Testngexample"/>
</testsuite> <!-- care.day10.Testngexample -->
