<?xml version="1.0" encoding="UTF-8"?>
<!-- Generated by org.testng.reporters.JUnitReportReporter -->
<testsuite name="care.day10.skipng" tests="1" time="11.092" ignored="2" failures="0" timestamp="13 Dec 2021 09:43:32 GMT" skipped="0" hostname="RAHUL" errors="0">
  <testcase name="ticketbooking" time="11.092" classname="care.day10.skipng"/>
  <testcase name="testcase1" classname="care.day10.skipng">
    <skipped/>
  </testcase> <!-- testcase1 -->
  <testcase name="testcase2" classname="care.day10.skipng">
    <skipped/>
  </testcase> <!-- testcase2 -->
</testsuite> <!-- care.day10.skipng -->
