<?xml version="1.0" encoding="UTF-8"?>
<!-- Generated by org.testng.reporters.JUnitReportReporter -->
<testsuite name="care.day10.ngexa2" tests="2" time="35.070" ignored="0" failures="0" timestamp="13 Dec 2021 09:26:17 GMT" skipped="0" hostname="RAHUL" errors="0">
  <testcase name="ticketbooking" time="30.035" classname="care.day10.ngexa2"/>
  <testcase name="statuscheck" time="5.035" classname="care.day10.ngexa2"/>
</testsuite> <!-- care.day10.ngexa2 -->
