<?xml version="1.0" encoding="UTF-8"?>
<!-- Generated by org.testng.reporters.JUnitReportReporter -->
<testsuite name="care.day10.prong" tests="3" time="69.171" ignored="0" failures="0" timestamp="14 Dec 2021 08:52:54 GMT" skipped="0" hostname="RAHUL" errors="0">
  <testcase name="ticketbooking" time="22.543" classname="care.day10.prong"/>
  <testcase name="ticketbooking" time="18.648" classname="care.day10.prong"/>
  <testcase name="ticketbooking" time="27.980" classname="care.day10.prong"/>
</testsuite> <!-- care.day10.prong -->
