<?xml version="1.0" encoding="UTF-8"?>
<!-- Generated by org.testng.reporters.JUnitReportReporter -->
<testsuite name="care.maevenproject.testngexample" tests="2" time="36.905" ignored="0" failures="0" timestamp="13 Dec 2021 08:27:43 GMT" skipped="0" hostname="RAHUL" errors="0">
  <testcase name="testcase2" time="25.742" classname="care.maevenproject.testngexample"/>
  <testcase name="testcase1" time="11.163" classname="care.maevenproject.testngexample"/>
</testsuite> <!-- care.maevenproject.testngexample -->
